{
  "RSpec": {
    "coverage": {
      "/Users/georgedrayson/Projects/Physisister_website/spec/web_helper.rb": [
        1,
        7,
        7,
        7,
        7,
        7,
        null,
        null,
        1,
        2,
        2,
        2,
        2,
        null
      ],
      "/Users/georgedrayson/Projects/Physisister_website/spec/features/user_can_add_an_article_spec.rb": [
        1,
        null,
        1,
        1,
        1,
        1,
        1,
        1,
        1,
        null,
        null,
        1,
        1,
        1,
        1,
        1,
        null,
        null,
        1,
        1,
        1,
        1,
        1,
        1,
        null,
        null,
        1,
        1,
        1,
        1,
        1,
        1,
        null,
        null
      ],
      "/Users/georgedrayson/Projects/Physisister_website/spec/rails_helper.rb": [
        null,
        1,
        1,
        1,
        null,
        1,
        1,
        null,
        null,
        null,
        null,
        null,
        null,
        null,
        null,
        null,
        null,
        null,
        null,
        null,
        null,
        null,
        null,
        null,
        null,
        null,
        1,
        null,
        1,
        null,
        1,
        null,
        null,
        null,
        null,
        1,
        null,
        null,
        null,
        null,
        null,
        null,
        null,
        null,
        null,
        null,
        null,
        null,
        null,
        null,
        1,
        null,
        null,
        1,
        null,
        null,
        null
      ],
      "/Users/georgedrayson/Projects/Physisister_website/config/environment.rb": [
        null,
        1,
        null,
        null,
        1
      ],
      "/Users/georgedrayson/Projects/Physisister_website/config/application.rb": [
        1,
        null,
        1,
        null,
        null,
        null,
        1,
        null,
        1,
        1,
        null,
        1,
        null,
        null,
        null,
        null,
        null,
        null
      ],
      "/Users/georgedrayson/Projects/Physisister_website/config/boot.rb": [
        1,
        null,
        1
      ],
      "/Users/georgedrayson/Projects/Physisister_website/config/environments/test.rb": [
        1,
        null,
        null,
        null,
        null,
        null,
        null,
        1,
        null,
        null,
        null,
        null,
        1,
        null,
        null,
        1,
        1,
        null,
        null,
        null,
        null,
        1,
        1,
        null,
        null,
        1,
        null,
        null,
        1,
        1,
        null,
        null,
        null,
        null,
        1,
        null,
        null,
        1,
        null,
        null,
        null,
        null
      ],
      "/Users/georgedrayson/Projects/Physisister_website/config/initializers/application_controller_renderer.rb": [
        null,
        null,
        null,
        null,
        null,
        null,
        null,
        null
      ],
      "/Users/georgedrayson/Projects/Physisister_website/config/initializers/assets.rb": [
        null,
        null,
        null,
        1,
        null,
        null,
        null,
        null,
        1,
        null,
        null,
        null,
        null,
        null
      ],
      "/Users/georgedrayson/Projects/Physisister_website/config/initializers/backtrace_silencers.rb": [
        null,
        null,
        null,
        null,
        null,
        null,
        null
      ],
      "/Users/georgedrayson/Projects/Physisister_website/config/initializers/cookies_serializer.rb": [
        null,
        null,
        null,
        null,
        1
      ],
      "/Users/georgedrayson/Projects/Physisister_website/config/initializers/devise.rb": [
        null,
        null,
        null,
        null,
        1,
        null,
        null,
        null,
        null,
        null,
        null,
        null,
        null,
        null,
        null,
        null,
        null,
        null,
        null,
        null,
        1,
        null,
        null,
        null,
        null,
        null,
        null,
        null,
        null,
        null,
        null,
        null,
        1,
        null,
        null,
        null,
        null,
        null,
        null,
        null,
        null,
        null,
        null,
        null,
        null,
        null,
        null,
        null,
        null,
        null,
        null,
        null,
        null,
        null,
        1,
        null,
        null,
        null,
        null,
        1,
        null,
        null,
        null,
        null,
        null,
        null,
        null,
        null,
        null,
        null,
        null,
        null,
        null,
        null,
        null,
        null,
        null,
        null,
        null,
        null,
        null,
        null,
        null,
        null,
        null,
        null,
        null,
        null,
        null,
        null,
        1,
        null,
        null,
        null,
        null,
        null,
        null,
        null,
        null,
        null,
        null,
        null,
        null,
        null,
        null,
        null,
        null,
        null,
        null,
        null,
        null,
        null,
        null,
        1,
        null,
        null,
        null,
        null,
        null,
        null,
        null,
        null,
        null,
        null,
        null,
        null,
        null,
        null,
        null,
        null,
        null,
        null,
        null,
        null,
        null,
        null,
        null,
        null,
        null,
        null,
        null,
        null,
        null,
        null,
        1,
        null,
        null,
        null,
        null,
        null,
        null,
        null,
        null,
        null,
        1,
        null,
        null,
        null,
        null,
        null,
        null,
        null,
        null,
        null,
        null,
        1,
        null,
        null,
        null,
        null,
        1,
        null,
        null,
        null,
        null,
        null,
        null,
        null,
        null,
        null,
        null,
        null,
        null,
        null,
        null,
        null,
        null,
        null,
        null,
        null,
        null,
        null,
        null,
        null,
        null,
        null,
        null,
        null,
        null,
        null,
        null,
        null,
        null,
        null,
        null,
        null,
        null,
        null,
        null,
        null,
        null,
        1,
        null,
        null,
        null,
        null,
        null,
        null,
        null,
        null,
        null,
        null,
        null,
        null,
        null,
        null,
        null,
        null,
        null,
        null,
        null,
        null,
        null,
        null,
        null,
        null,
        null,
        null,
        null,
        null,
        null,
        null,
        null,
        null,
        null,
        null,
        null,
        null,
        null,
        null,
        null,
        null,
        null,
        1,
        null,
        null,
        null,
        null,
        null,
        null,
        null,
        null,
        null,
        null,
        null,
        null,
        null,
        null,
        null,
        null,
        null,
        null,
        null,
        null,
        null,
        null,
        null,
        null,
        null,
        null,
        null,
        null,
        null
      ],
      "/Users/georgedrayson/Projects/Physisister_website/config/initializers/filter_parameter_logging.rb": [
        null,
        null,
        null,
        1
      ],
      "/Users/georgedrayson/Projects/Physisister_website/config/initializers/inflections.rb": [
        null,
        null,
        null,
        null,
        null,
        null,
        null,
        null,
        null,
        null,
        null,
        null,
        null,
        null,
        null,
        null
      ],
      "/Users/georgedrayson/Projects/Physisister_website/config/initializers/mime_types.rb": [
        null,
        null,
        null,
        null
      ],
      "/Users/georgedrayson/Projects/Physisister_website/config/initializers/wrap_parameters.rb": [
        null,
        null,
        null,
        null,
        null,
        null,
        1,
        2,
        null,
        null,
        null,
        null,
        null,
        null
      ],
      "/Users/georgedrayson/Projects/Physisister_website/config/routes.rb": [
        1,
        1,
        1,
        null,
        1,
        null,
        1,
        null,
        null
      ],
      "/Users/georgedrayson/Projects/Physisister_website/app/models/user.rb": [
        1,
        null,
        null,
        1,
        null,
        null
      ],
      "/Users/georgedrayson/Projects/Physisister_website/app/models/application_record.rb": [
        1,
        1,
        null
      ],
      "/Users/georgedrayson/Projects/Physisister_website/app/helpers/application_helper.rb": [
        1,
        null
      ],
      "/Users/georgedrayson/Projects/Physisister_website/app/helpers/articles_helper.rb": [
        1,
        null
      ],
      "/Users/georgedrayson/Projects/Physisister_website/app/helpers/home_helper.rb": [
        1,
        null
      ],
      "/Users/georgedrayson/Projects/Physisister_website/spec/features/user_can_delete_an_article_spec.rb": [
        1,
        null,
        1,
        1,
        1,
        1,
        1,
        1,
        1,
        1,
        null,
        null
      ],
      "/Users/georgedrayson/Projects/Physisister_website/spec/features/user_can_edit_an_article_spec.rb": [
        1,
        null,
        1,
        1,
        1,
        1,
        1,
        1,
        1,
        1,
        null,
        null,
        1,
        1,
        1,
        1,
        1,
        1,
        null,
        null,
        1,
        1,
        1,
        1,
        1,
        1,
        1,
        null,
        null,
        1,
        1,
        1,
        1,
        1,
        1,
        1,
        null,
        null
      ],
      "/Users/georgedrayson/Projects/Physisister_website/spec/models/user_spec.rb": [
        1,
        null,
        1,
        null,
        null
      ],
      "/Users/georgedrayson/Projects/Physisister_website/app/controllers/articles_controller.rb": [
        1,
        null,
        1,
        13,
        null,
        null,
        1,
        null,
        null,
        1,
        4,
        null,
        null,
        1,
        9,
        null,
        9,
        7,
        null,
        2,
        2,
        null,
        null,
        null,
        1,
        4,
        null,
        4,
        2,
        null,
        2,
        2,
        null,
        null,
        null,
        1,
        1,
        1,
        null,
        1,
        null,
        null,
        1,
        9,
        null,
        null,
        1,
        1,
        13,
        null,
        null
      ],
      "/Users/georgedrayson/Projects/Physisister_website/app/controllers/application_controller.rb": [
        1,
        1,
        null
      ],
      "/Users/georgedrayson/Projects/Physisister_website/app/models/article.rb": [
        1,
        1,
        1,
        null
      ]
    },
    "timestamp": 1527690080
  }
}
